<?xml version="1.0" encoding="UTF-8"?>
<testsuite xmlns:xsi="http://www.w3.org/2001/XMLSchema-instance" xsi:noNamespaceSchemaLocation="https://maven.apache.org/surefire/maven-surefire-plugin/xsd/surefire-test-report-3.0.xsd" version="3.0" name="TestSuite" time="87.469" tests="2" errors="0" skipped="0" failures="0">
  <properties>
    <property name="sun.desktop" value="windows"/>
    <property name="awt.toolkit" value="sun.awt.windows.WToolkit"/>
    <property name="java.specification.version" value="11"/>
    <property name="webdriver.chrome.driver" value="C:\WINDOWS\system32\config\systemprofile\.cache\selenium\chromedriver\win64\120.0.6099.109\chromedriver.exe"/>
    <property name="sun.cpu.isalist" value="amd64"/>
    <property name="sun.jnu.encoding" value="Cp1252"/>
    <property name="java.class.path" value="D:\008LiveTechWS\FrameworkAutomation\target\test-classes;D:\008LiveTechWS\FrameworkAutomation\target\classes;C:\WINDOWS\system32\config\systemprofile\.m2\repository\org\seleniumhq\selenium\selenium-java\3.141.59\selenium-java-3.141.59.jar;C:\WINDOWS\system32\config\systemprofile\.m2\repository\org\seleniumhq\selenium\selenium-api\3.141.59\selenium-api-3.141.59.jar;C:\WINDOWS\system32\config\systemprofile\.m2\repository\org\seleniumhq\selenium\selenium-chrome-driver\3.141.59\selenium-chrome-driver-3.141.59.jar;C:\WINDOWS\system32\config\systemprofile\.m2\repository\org\seleniumhq\selenium\selenium-edge-driver\3.141.59\selenium-edge-driver-3.141.59.jar;C:\WINDOWS\system32\config\systemprofile\.m2\repository\org\seleniumhq\selenium\selenium-firefox-driver\3.141.59\selenium-firefox-driver-3.141.59.jar;C:\WINDOWS\system32\config\systemprofile\.m2\repository\org\seleniumhq\selenium\selenium-ie-driver\3.141.59\selenium-ie-driver-3.141.59.jar;C:\WINDOWS\system32\config\systemprofile\.m2\repository\org\seleniumhq\selenium\selenium-opera-driver\3.141.59\selenium-opera-driver-3.141.59.jar;C:\WINDOWS\system32\config\systemprofile\.m2\repository\org\seleniumhq\selenium\selenium-remote-driver\3.141.59\selenium-remote-driver-3.141.59.jar;C:\WINDOWS\system32\config\systemprofile\.m2\repository\org\seleniumhq\selenium\selenium-safari-driver\3.141.59\selenium-safari-driver-3.141.59.jar;C:\WINDOWS\system32\config\systemprofile\.m2\repository\org\seleniumhq\selenium\selenium-support\3.141.59\selenium-support-3.141.59.jar;C:\WINDOWS\system32\config\systemprofile\.m2\repository\net\bytebuddy\byte-buddy\1.8.15\byte-buddy-1.8.15.jar;C:\WINDOWS\system32\config\systemprofile\.m2\repository\org\apache\commons\commons-exec\1.3\commons-exec-1.3.jar;C:\WINDOWS\system32\config\systemprofile\.m2\repository\com\google\guava\guava\25.0-jre\guava-25.0-jre.jar;C:\WINDOWS\system32\config\systemprofile\.m2\repository\com\google\code\findbugs\jsr305\1.3.9\jsr305-1.3.9.jar;C:\WINDOWS\system32\config\systemprofile\.m2\repository\org\checkerframework\checker-compat-qual\2.0.0\checker-compat-qual-2.0.0.jar;C:\WINDOWS\system32\config\systemprofile\.m2\repository\com\google\errorprone\error_prone_annotations\2.1.3\error_prone_annotations-2.1.3.jar;C:\WINDOWS\system32\config\systemprofile\.m2\repository\com\google\j2objc\j2objc-annotations\1.1\j2objc-annotations-1.1.jar;C:\WINDOWS\system32\config\systemprofile\.m2\repository\org\codehaus\mojo\animal-sniffer-annotations\1.14\animal-sniffer-annotations-1.14.jar;C:\WINDOWS\system32\config\systemprofile\.m2\repository\com\squareup\okhttp3\okhttp\3.11.0\okhttp-3.11.0.jar;C:\WINDOWS\system32\config\systemprofile\.m2\repository\com\squareup\okio\okio\1.14.0\okio-1.14.0.jar;C:\WINDOWS\system32\config\systemprofile\.m2\repository\io\github\bonigarcia\webdrivermanager\5.6.2\webdrivermanager-5.6.2.jar;C:\WINDOWS\system32\config\systemprofile\.m2\repository\org\slf4j\slf4j-api\2.0.9\slf4j-api-2.0.9.jar;C:\WINDOWS\system32\config\systemprofile\.m2\repository\com\google\code\gson\gson\2.10.1\gson-2.10.1.jar;C:\WINDOWS\system32\config\systemprofile\.m2\repository\com\github\docker-java\docker-java\3.3.4\docker-java-3.3.4.jar;C:\WINDOWS\system32\config\systemprofile\.m2\repository\com\github\docker-java\docker-java-core\3.3.4\docker-java-core-3.3.4.jar;C:\WINDOWS\system32\config\systemprofile\.m2\repository\com\github\docker-java\docker-java-api\3.3.4\docker-java-api-3.3.4.jar;C:\WINDOWS\system32\config\systemprofile\.m2\repository\com\fasterxml\jackson\core\jackson-annotations\2.10.3\jackson-annotations-2.10.3.jar;C:\WINDOWS\system32\config\systemprofile\.m2\repository\com\fasterxml\jackson\core\jackson-databind\2.10.3\jackson-databind-2.10.3.jar;C:\WINDOWS\system32\config\systemprofile\.m2\repository\com\fasterxml\jackson\core\jackson-core\2.10.3\jackson-core-2.10.3.jar;C:\WINDOWS\system32\config\systemprofile\.m2\repository\org\bouncycastle\bcpkix-jdk18on\1.76\bcpkix-jdk18on-1.76.jar;C:\WINDOWS\system32\config\systemprofile\.m2\repository\org\bouncycastle\bcprov-jdk18on\1.76\bcprov-jdk18on-1.76.jar;C:\WINDOWS\system32\config\systemprofile\.m2\repository\org\bouncycastle\bcutil-jdk18on\1.76\bcutil-jdk18on-1.76.jar;C:\WINDOWS\system32\config\systemprofile\.m2\repository\org\slf4j\jcl-over-slf4j\1.7.30\jcl-over-slf4j-1.7.30.jar;C:\WINDOWS\system32\config\systemprofile\.m2\repository\com\github\docker-java\docker-java-transport-httpclient5\3.3.4\docker-java-transport-httpclient5-3.3.4.jar;C:\WINDOWS\system32\config\systemprofile\.m2\repository\com\github\docker-java\docker-java-transport\3.3.4\docker-java-transport-3.3.4.jar;C:\WINDOWS\system32\config\systemprofile\.m2\repository\net\java\dev\jna\jna\5.13.0\jna-5.13.0.jar;C:\WINDOWS\system32\config\systemprofile\.m2\repository\org\brotli\dec\0.1.2\dec-0.1.2.jar;C:\WINDOWS\system32\config\systemprofile\.m2\repository\org\apache\commons\commons-lang3\3.13.0\commons-lang3-3.13.0.jar;C:\WINDOWS\system32\config\systemprofile\.m2\repository\org\apache\commons\commons-compress\1.24.0\commons-compress-1.24.0.jar;C:\WINDOWS\system32\config\systemprofile\.m2\repository\org\apache\httpcomponents\client5\httpclient5\5.2.1\httpclient5-5.2.1.jar;C:\WINDOWS\system32\config\systemprofile\.m2\repository\org\apache\httpcomponents\core5\httpcore5\5.2\httpcore5-5.2.jar;C:\WINDOWS\system32\config\systemprofile\.m2\repository\org\apache\httpcomponents\core5\httpcore5-h2\5.2\httpcore5-h2-5.2.jar;C:\WINDOWS\system32\config\systemprofile\.m2\repository\org\testng\testng\7.8.0\testng-7.8.0.jar;C:\WINDOWS\system32\config\systemprofile\.m2\repository\com\beust\jcommander\1.82\jcommander-1.82.jar;C:\WINDOWS\system32\config\systemprofile\.m2\repository\org\webjars\jquery\3.6.1\jquery-3.6.1.jar;C:\WINDOWS\system32\config\systemprofile\.m2\repository\org\apache\poi\poi\5.2.3\poi-5.2.3.jar;C:\WINDOWS\system32\config\systemprofile\.m2\repository\commons-codec\commons-codec\1.15\commons-codec-1.15.jar;C:\WINDOWS\system32\config\systemprofile\.m2\repository\org\apache\commons\commons-collections4\4.4\commons-collections4-4.4.jar;C:\WINDOWS\system32\config\systemprofile\.m2\repository\org\apache\commons\commons-math3\3.6.1\commons-math3-3.6.1.jar;C:\WINDOWS\system32\config\systemprofile\.m2\repository\com\zaxxer\SparseBitSet\1.2\SparseBitSet-1.2.jar;C:\WINDOWS\system32\config\systemprofile\.m2\repository\org\apache\logging\log4j\log4j-api\2.18.0\log4j-api-2.18.0.jar;C:\WINDOWS\system32\config\systemprofile\.m2\repository\org\apache\poi\poi-ooxml\5.2.3\poi-ooxml-5.2.3.jar;C:\WINDOWS\system32\config\systemprofile\.m2\repository\org\apache\xmlbeans\xmlbeans\5.1.1\xmlbeans-5.1.1.jar;C:\WINDOWS\system32\config\systemprofile\.m2\repository\com\github\virtuald\curvesapi\1.07\curvesapi-1.07.jar;C:\WINDOWS\system32\config\systemprofile\.m2\repository\org\apache\poi\poi-scratchpad\5.2.3\poi-scratchpad-5.2.3.jar;C:\WINDOWS\system32\config\systemprofile\.m2\repository\org\apache\poi\poi-excelant\5.2.3\poi-excelant-5.2.3.jar;C:\WINDOWS\system32\config\systemprofile\.m2\repository\org\apache\ant\ant\1.10.12\ant-1.10.12.jar;C:\WINDOWS\system32\config\systemprofile\.m2\repository\org\apache\ant\ant-launcher\1.10.12\ant-launcher-1.10.12.jar;C:\WINDOWS\system32\config\systemprofile\.m2\repository\org\apache\poi\poi-ooxml-lite\5.2.3\poi-ooxml-lite-5.2.3.jar;C:\WINDOWS\system32\config\systemprofile\.m2\repository\commons-io\commons-io\2.15.1\commons-io-2.15.1.jar;C:\WINDOWS\system32\config\systemprofile\.m2\repository\org\json\json\20231013\json-20231013.jar;C:\WINDOWS\system32\config\systemprofile\.m2\repository\com\aventstack\extentreports\5.1.1\extentreports-5.1.1.jar;C:\WINDOWS\system32\config\systemprofile\.m2\repository\io\reactivex\rxjava3\rxjava\3.1.6\rxjava-3.1.6.jar;C:\WINDOWS\system32\config\systemprofile\.m2\repository\org\reactivestreams\reactive-streams\1.0.4\reactive-streams-1.0.4.jar;C:\WINDOWS\system32\config\systemprofile\.m2\repository\org\freemarker\freemarker\2.3.32\freemarker-2.3.32.jar;C:\WINDOWS\system32\config\systemprofile\.m2\repository\org\projectlombok\lombok\1.18.26\lombok-1.18.26.jar;"/>
    <property name="java.vm.vendor" value="Oracle Corporation"/>
    <property name="sun.arch.data.model" value="64"/>
    <property name="user.variant" value=""/>
    <property name="java.vendor.url" value="https://openjdk.java.net/"/>
    <property name="user.timezone" value="Asia/Calcutta"/>
    <property name="java.vm.specification.version" value="11"/>
    <property name="os.name" value="Windows 11"/>
    <property name="sun.java.launcher" value="SUN_STANDARD"/>
    <property name="user.country" value="IN"/>
    <property name="sun.boot.library.path" value="C:\Program Files\Java\jdk-11\bin"/>
    <property name="sun.java.command" value="C:\Windows\Temp\surefire11264344436197216244\surefirebooter-20240112094130041_3.jar C:\Windows\Temp\surefire11264344436197216244 2024-01-12T09-41-29_761-jvmRun1 surefire-20240112094130041_1tmp surefire_0-20240112094130041_2tmp"/>
    <property name="jdk.debug" value="release"/>
    <property name="surefire.test.class.path" value="D:\008LiveTechWS\FrameworkAutomation\target\test-classes;D:\008LiveTechWS\FrameworkAutomation\target\classes;C:\WINDOWS\system32\config\systemprofile\.m2\repository\org\seleniumhq\selenium\selenium-java\3.141.59\selenium-java-3.141.59.jar;C:\WINDOWS\system32\config\systemprofile\.m2\repository\org\seleniumhq\selenium\selenium-api\3.141.59\selenium-api-3.141.59.jar;C:\WINDOWS\system32\config\systemprofile\.m2\repository\org\seleniumhq\selenium\selenium-chrome-driver\3.141.59\selenium-chrome-driver-3.141.59.jar;C:\WINDOWS\system32\config\systemprofile\.m2\repository\org\seleniumhq\selenium\selenium-edge-driver\3.141.59\selenium-edge-driver-3.141.59.jar;C:\WINDOWS\system32\config\systemprofile\.m2\repository\org\seleniumhq\selenium\selenium-firefox-driver\3.141.59\selenium-firefox-driver-3.141.59.jar;C:\WINDOWS\system32\config\systemprofile\.m2\repository\org\seleniumhq\selenium\selenium-ie-driver\3.141.59\selenium-ie-driver-3.141.59.jar;C:\WINDOWS\system32\config\systemprofile\.m2\repository\org\seleniumhq\selenium\selenium-opera-driver\3.141.59\selenium-opera-driver-3.141.59.jar;C:\WINDOWS\system32\config\systemprofile\.m2\repository\org\seleniumhq\selenium\selenium-remote-driver\3.141.59\selenium-remote-driver-3.141.59.jar;C:\WINDOWS\system32\config\systemprofile\.m2\repository\org\seleniumhq\selenium\selenium-safari-driver\3.141.59\selenium-safari-driver-3.141.59.jar;C:\WINDOWS\system32\config\systemprofile\.m2\repository\org\seleniumhq\selenium\selenium-support\3.141.59\selenium-support-3.141.59.jar;C:\WINDOWS\system32\config\systemprofile\.m2\repository\net\bytebuddy\byte-buddy\1.8.15\byte-buddy-1.8.15.jar;C:\WINDOWS\system32\config\systemprofile\.m2\repository\org\apache\commons\commons-exec\1.3\commons-exec-1.3.jar;C:\WINDOWS\system32\config\systemprofile\.m2\repository\com\google\guava\guava\25.0-jre\guava-25.0-jre.jar;C:\WINDOWS\system32\config\systemprofile\.m2\repository\com\google\code\findbugs\jsr305\1.3.9\jsr305-1.3.9.jar;C:\WINDOWS\system32\config\systemprofile\.m2\repository\org\checkerframework\checker-compat-qual\2.0.0\checker-compat-qual-2.0.0.jar;C:\WINDOWS\system32\config\systemprofile\.m2\repository\com\google\errorprone\error_prone_annotations\2.1.3\error_prone_annotations-2.1.3.jar;C:\WINDOWS\system32\config\systemprofile\.m2\repository\com\google\j2objc\j2objc-annotations\1.1\j2objc-annotations-1.1.jar;C:\WINDOWS\system32\config\systemprofile\.m2\repository\org\codehaus\mojo\animal-sniffer-annotations\1.14\animal-sniffer-annotations-1.14.jar;C:\WINDOWS\system32\config\systemprofile\.m2\repository\com\squareup\okhttp3\okhttp\3.11.0\okhttp-3.11.0.jar;C:\WINDOWS\system32\config\systemprofile\.m2\repository\com\squareup\okio\okio\1.14.0\okio-1.14.0.jar;C:\WINDOWS\system32\config\systemprofile\.m2\repository\io\github\bonigarcia\webdrivermanager\5.6.2\webdrivermanager-5.6.2.jar;C:\WINDOWS\system32\config\systemprofile\.m2\repository\org\slf4j\slf4j-api\2.0.9\slf4j-api-2.0.9.jar;C:\WINDOWS\system32\config\systemprofile\.m2\repository\com\google\code\gson\gson\2.10.1\gson-2.10.1.jar;C:\WINDOWS\system32\config\systemprofile\.m2\repository\com\github\docker-java\docker-java\3.3.4\docker-java-3.3.4.jar;C:\WINDOWS\system32\config\systemprofile\.m2\repository\com\github\docker-java\docker-java-core\3.3.4\docker-java-core-3.3.4.jar;C:\WINDOWS\system32\config\systemprofile\.m2\repository\com\github\docker-java\docker-java-api\3.3.4\docker-java-api-3.3.4.jar;C:\WINDOWS\system32\config\systemprofile\.m2\repository\com\fasterxml\jackson\core\jackson-annotations\2.10.3\jackson-annotations-2.10.3.jar;C:\WINDOWS\system32\config\systemprofile\.m2\repository\com\fasterxml\jackson\core\jackson-databind\2.10.3\jackson-databind-2.10.3.jar;C:\WINDOWS\system32\config\systemprofile\.m2\repository\com\fasterxml\jackson\core\jackson-core\2.10.3\jackson-core-2.10.3.jar;C:\WINDOWS\system32\config\systemprofile\.m2\repository\org\bouncycastle\bcpkix-jdk18on\1.76\bcpkix-jdk18on-1.76.jar;C:\WINDOWS\system32\config\systemprofile\.m2\repository\org\bouncycastle\bcprov-jdk18on\1.76\bcprov-jdk18on-1.76.jar;C:\WINDOWS\system32\config\systemprofile\.m2\repository\org\bouncycastle\bcutil-jdk18on\1.76\bcutil-jdk18on-1.76.jar;C:\WINDOWS\system32\config\systemprofile\.m2\repository\org\slf4j\jcl-over-slf4j\1.7.30\jcl-over-slf4j-1.7.30.jar;C:\WINDOWS\system32\config\systemprofile\.m2\repository\com\github\docker-java\docker-java-transport-httpclient5\3.3.4\docker-java-transport-httpclient5-3.3.4.jar;C:\WINDOWS\system32\config\systemprofile\.m2\repository\com\github\docker-java\docker-java-transport\3.3.4\docker-java-transport-3.3.4.jar;C:\WINDOWS\system32\config\systemprofile\.m2\repository\net\java\dev\jna\jna\5.13.0\jna-5.13.0.jar;C:\WINDOWS\system32\config\systemprofile\.m2\repository\org\brotli\dec\0.1.2\dec-0.1.2.jar;C:\WINDOWS\system32\config\systemprofile\.m2\repository\org\apache\commons\commons-lang3\3.13.0\commons-lang3-3.13.0.jar;C:\WINDOWS\system32\config\systemprofile\.m2\repository\org\apache\commons\commons-compress\1.24.0\commons-compress-1.24.0.jar;C:\WINDOWS\system32\config\systemprofile\.m2\repository\org\apache\httpcomponents\client5\httpclient5\5.2.1\httpclient5-5.2.1.jar;C:\WINDOWS\system32\config\systemprofile\.m2\repository\org\apache\httpcomponents\core5\httpcore5\5.2\httpcore5-5.2.jar;C:\WINDOWS\system32\config\systemprofile\.m2\repository\org\apache\httpcomponents\core5\httpcore5-h2\5.2\httpcore5-h2-5.2.jar;C:\WINDOWS\system32\config\systemprofile\.m2\repository\org\testng\testng\7.8.0\testng-7.8.0.jar;C:\WINDOWS\system32\config\systemprofile\.m2\repository\com\beust\jcommander\1.82\jcommander-1.82.jar;C:\WINDOWS\system32\config\systemprofile\.m2\repository\org\webjars\jquery\3.6.1\jquery-3.6.1.jar;C:\WINDOWS\system32\config\systemprofile\.m2\repository\org\apache\poi\poi\5.2.3\poi-5.2.3.jar;C:\WINDOWS\system32\config\systemprofile\.m2\repository\commons-codec\commons-codec\1.15\commons-codec-1.15.jar;C:\WINDOWS\system32\config\systemprofile\.m2\repository\org\apache\commons\commons-collections4\4.4\commons-collections4-4.4.jar;C:\WINDOWS\system32\config\systemprofile\.m2\repository\org\apache\commons\commons-math3\3.6.1\commons-math3-3.6.1.jar;C:\WINDOWS\system32\config\systemprofile\.m2\repository\com\zaxxer\SparseBitSet\1.2\SparseBitSet-1.2.jar;C:\WINDOWS\system32\config\systemprofile\.m2\repository\org\apache\logging\log4j\log4j-api\2.18.0\log4j-api-2.18.0.jar;C:\WINDOWS\system32\config\systemprofile\.m2\repository\org\apache\poi\poi-ooxml\5.2.3\poi-ooxml-5.2.3.jar;C:\WINDOWS\system32\config\systemprofile\.m2\repository\org\apache\xmlbeans\xmlbeans\5.1.1\xmlbeans-5.1.1.jar;C:\WINDOWS\system32\config\systemprofile\.m2\repository\com\github\virtuald\curvesapi\1.07\curvesapi-1.07.jar;C:\WINDOWS\system32\config\systemprofile\.m2\repository\org\apache\poi\poi-scratchpad\5.2.3\poi-scratchpad-5.2.3.jar;C:\WINDOWS\system32\config\systemprofile\.m2\repository\org\apache\poi\poi-excelant\5.2.3\poi-excelant-5.2.3.jar;C:\WINDOWS\system32\config\systemprofile\.m2\repository\org\apache\ant\ant\1.10.12\ant-1.10.12.jar;C:\WINDOWS\system32\config\systemprofile\.m2\repository\org\apache\ant\ant-launcher\1.10.12\ant-launcher-1.10.12.jar;C:\WINDOWS\system32\config\systemprofile\.m2\repository\org\apache\poi\poi-ooxml-lite\5.2.3\poi-ooxml-lite-5.2.3.jar;C:\WINDOWS\system32\config\systemprofile\.m2\repository\commons-io\commons-io\2.15.1\commons-io-2.15.1.jar;C:\WINDOWS\system32\config\systemprofile\.m2\repository\org\json\json\20231013\json-20231013.jar;C:\WINDOWS\system32\config\systemprofile\.m2\repository\com\aventstack\extentreports\5.1.1\extentreports-5.1.1.jar;C:\WINDOWS\system32\config\systemprofile\.m2\repository\io\reactivex\rxjava3\rxjava\3.1.6\rxjava-3.1.6.jar;C:\WINDOWS\system32\config\systemprofile\.m2\repository\org\reactivestreams\reactive-streams\1.0.4\reactive-streams-1.0.4.jar;C:\WINDOWS\system32\config\systemprofile\.m2\repository\org\freemarker\freemarker\2.3.32\freemarker-2.3.32.jar;C:\WINDOWS\system32\config\systemprofile\.m2\repository\org\projectlombok\lombok\1.18.26\lombok-1.18.26.jar;"/>
    <property name="sun.cpu.endian" value="little"/>
    <property name="user.home" value="C:\WINDOWS\system32\config\systemprofile"/>
    <property name="user.language" value="en"/>
    <property name="java.specification.vendor" value="Oracle Corporation"/>
    <property name="java.version.date" value="2023-10-17"/>
    <property name="java.home" value="C:\Program Files\Java\jdk-11"/>
    <property name="file.separator" value="\"/>
    <property name="basedir" value="D:\008LiveTechWS\FrameworkAutomation"/>
    <property name="java.vm.compressedOopsMode" value="Zero based"/>
    <property name="line.separator" value="&#10;"/>
    <property name="java.specification.name" value="Java Platform API Specification"/>
    <property name="java.vm.specification.vendor" value="Oracle Corporation"/>
    <property name="java.awt.graphicsenv" value="sun.awt.Win32GraphicsEnvironment"/>
    <property name="surefire.real.class.path" value="C:\Windows\Temp\surefire11264344436197216244\surefirebooter-20240112094130041_3.jar"/>
    <property name="user.script" value=""/>
    <property name="sun.management.compiler" value="HotSpot 64-Bit Tiered Compilers"/>
    <property name="java.runtime.version" value="11.0.21+9-LTS-193"/>
    <property name="user.name" value="LAPTOP-GAUPM6CM$"/>
    <property name="path.separator" value=";"/>
    <property name="os.version" value="10.0"/>
    <property name="java.runtime.name" value="Java(TM) SE Runtime Environment"/>
    <property name="file.encoding" value="Cp1252"/>
    <property name="java.vm.name" value="Java HotSpot(TM) 64-Bit Server VM"/>
    <property name="java.vendor.version" value="18.9"/>
    <property name="localRepository" value="C:\WINDOWS\system32\config\systemprofile\.m2\repository"/>
    <property name="java.vendor.url.bug" value="https://bugreport.java.com/bugreport/"/>
    <property name="java.io.tmpdir" value="C:\WINDOWS\TEMP\"/>
    <property name="java.version" value="11.0.21"/>
    <property name="user.dir" value="D:\008LiveTechWS\FrameworkAutomation"/>
    <property name="os.arch" value="amd64"/>
    <property name="java.vm.specification.name" value="Java Virtual Machine Specification"/>
    <property name="java.awt.printerjob" value="sun.awt.windows.WPrinterJob"/>
    <property name="sun.os.patch.level" value=""/>
    <property name="java.library.path" value="C:\Program Files\Java\jdk-11\bin;C:\WINDOWS\Sun\Java\bin;C:\WINDOWS\system32;C:\WINDOWS;C:\WINDOWS\system32;C:\WINDOWS;C:\WINDOWS\System32\Wbem;C:\WINDOWS\System32\WindowsPowerShell\v1.0\;C:\WINDOWS\System32\OpenSSH\;C:\Users\Riyaz\AppData\Local\Android\Sdk\platform-tools;D:\FLM0730PM\softwares\chromedriver_win32\chromedriver.exe;C:\Program Files\Java\jdk-11\bin;C:\Program Files\MySQL\MySQL Server 8.0\bin;D:\008 LiveTech\jars\apache-maven-3.9.6-bin\apache-maven-3.9.6\bin;C:\Program Files\Git\cmd;C:\Program Files\Common Files\Oracle\Java\javapath;C:\WINDOWS\system32\config\systemprofile\AppData\Local\Microsoft\WindowsApps;."/>
    <property name="java.vendor" value="Oracle Corporation"/>
    <property name="java.vm.info" value="mixed mode"/>
    <property name="java.vm.version" value="11.0.21+9-LTS-193"/>
    <property name="java.specification.maintenance.version" value="2"/>
    <property name="sun.io.unicode.encoding" value="UnicodeLittle"/>
    <property name="java.class.version" value="55.0"/>
  </properties>
  <testcase name="validateLoginTest1[{expectedTitle=Adactin.com - Search Hotel, password=reyaz123, username=reyaz0806}](1)" classname="testscripts.regression.ValidateLoginUsingPOMHybrid" time="31.107">
    <system-out><![CDATA[2024-01-12 09:41:32
2024-01-12 09-41-32
testCaseNameTC-101
allRows.size()6
TC-101---TC-101
TC-101---TC-101
TC-102---TC-101
TC-102---TC-101
TC-104---TC-101
TC-104---TC-101
testCaseRows.size(): 2
testCaseRows.get(0).getLastCellNum()4
testCaseRows.get(0).getLastCellNum()4
2024-01-12 09:42:12
2024-01-12 09-42-12
]]></system-out>
    <system-err><![CDATA[SLF4J: No SLF4J providers were found.
SLF4J: Defaulting to no-operation (NOP) logger implementation
SLF4J: See https://www.slf4j.org/codes.html#noProviders for further details.
ERROR StatusLogger Log4j2 could not find a logging implementation. Please add log4j-core to the classpath. Using SimpleLogger to log to the console...
Starting ChromeDriver 120.0.6099.109 (3419140ab665596f21b385ce136419fde0924272-refs/branch-heads/6099@{#1483}) on port 24561
Only local connections are allowed.
Please see https://chromedriver.chromium.org/security-considerations for suggestions on keeping ChromeDriver safe.
ChromeDriver was started successfully.
Jan 12, 2024 9:41:39 AM org.openqa.selenium.remote.ProtocolHandshake createSession
INFO: Detected dialect: W3C
]]></system-err>
  </testcase>
  <testcase name="validateLoginTest1[{expectedTitle=Adactin.com - Search Hotel, password=reyaz123, Check InDate=03/01/2024, username=reyaz0806, Location=Sydney}](1)" classname="testscripts.regression.ValidateSearchUsingPOMHybrid" time="34.808">
    <system-out><![CDATA[testCaseNameTC-104
allRows.size()6
TC-101---TC-104
TC-101---TC-104
TC-102---TC-104
TC-102---TC-104
TC-104---TC-104
TC-104---TC-104
testCaseRows.size(): 2
testCaseRows.get(0).getLastCellNum()6
testCaseRows.get(0).getLastCellNum()6
2024-01-12 09:42:55
2024-01-12 09-42-55
]]></system-out>
    <system-err><![CDATA[Starting ChromeDriver 120.0.6099.109 (3419140ab665596f21b385ce136419fde0924272-refs/branch-heads/6099@{#1483}) on port 6431
Only local connections are allowed.
Please see https://chromedriver.chromium.org/security-considerations for suggestions on keeping ChromeDriver safe.
ChromeDriver was started successfully.
Jan 12, 2024 9:42:17 AM org.openqa.selenium.remote.ProtocolHandshake createSession
INFO: Detected dialect: W3C
]]></system-err>
  </testcase>
</testsuite>