<?xml version="1.0" encoding="UTF-8"?>
<!-- Generated by org.testng.reporters.JUnitReportReporter -->
<testsuite hostname="LAPTOP-GAUPM6CM" failures="0" tests="4" name="testscripts.regression.ValidateLogin" time="30.885" errors="0" timestamp="2024-01-03T10:08:13 IST" skipped="0">
  <testcase classname="testscripts.regression.ValidateLogin" name="validateLoginTest4" time="8.803"/>
  <testcase classname="testscripts.regression.ValidateLogin" name="validateLoginTest1" time="8.299"/>
  <testcase classname="testscripts.regression.ValidateLogin" name="validateLoginTest2" time="6.691"/>
  <testcase classname="testscripts.regression.ValidateLogin" name="validateLoginTest3" time="7.092"/>
</testsuite> <!-- testscripts.regression.ValidateLogin -->
