<?xml version="1.0" encoding="UTF-8"?>
<!-- Generated by org.testng.reporters.JUnitReportReporter -->
<testsuite hostname="LAPTOP-GAUPM6CM" failures="0" tests="4" name="testscripts.regression.ValidateLoginDataProviderExcel" time="70.901" errors="0" timestamp="2024-01-04T09:44:00 IST" skipped="0">
  <testcase classname="testscripts.regression.ValidateLoginDataProviderExcel" name="validateLoginTest1" time="11.187"/>
  <testcase classname="testscripts.regression.ValidateLoginDataProviderExcel" name="validateLoginTest1" time="15.421"/>
  <testcase classname="testscripts.regression.ValidateLoginDataProviderExcel" name="validateLoginTest1" time="32.839"/>
  <testcase classname="testscripts.regression.ValidateLoginDataProviderExcel" name="validateLoginTest1" time="11.454"/>
</testsuite> <!-- testscripts.regression.ValidateLoginDataProviderExcel -->
