<?xml version="1.0" encoding="UTF-8"?>
<!-- Generated by org.testng.reporters.JUnitReportReporter -->
<testsuite hostname="LAPTOP-GAUPM6CM" failures="0" tests="1" name="testscripts.regression.ValidateLoginUsingPOMHybrid" time="41.901" errors="0" timestamp="2024-01-09T10:05:15 IST" skipped="0">
  <testcase classname="testscripts.regression.ValidateLoginUsingPOMHybrid" name="validateLoginTest1" time="41.901"/>
</testsuite> <!-- testscripts.regression.ValidateLoginUsingPOMHybrid -->
