<?xml version="1.0" encoding="UTF-8"?>
<!-- Generated by org.testng.reporters.JUnitReportReporter -->
<testsuite hostname="LAPTOP-GAUPM6CM" failures="0" tests="1" name="testscripts.regression.ValidateSearchUsingPOMHybrid" time="23.676" errors="0" timestamp="2024-01-08T10:30:09 IST" skipped="0">
  <testcase classname="testscripts.regression.ValidateSearchUsingPOMHybrid" name="validateLoginTest1" time="23.676"/>
</testsuite> <!-- testscripts.regression.ValidateSearchUsingPOMHybrid -->
