<?xml version="1.0" encoding="UTF-8"?>
<!-- Generated by org.testng.reporters.JUnitReportReporter -->
<testsuite hostname="LAPTOP-GAUPM6CM" failures="0" tests="1" name="testscripts.regression.ValidateSelectHotel" time="14.092" errors="0" timestamp="2024-01-05T09:22:15 IST" skipped="0">
  <testcase classname="testscripts.regression.ValidateSelectHotel" name="validateLoginTest1" time="14.092"/>
</testsuite> <!-- testscripts.regression.ValidateSelectHotel -->
