<?xml version="1.0" encoding="UTF-8"?>
<!-- Generated by org.testng.reporters.JUnitReportReporter -->
<testsuite hostname="LAPTOP-GAUPM6CM" failures="0" tests="1" name="testscripts.regression.ValidateLoginDataProviderExcelHashMap" time="14.418" errors="0" timestamp="2024-01-04T10:08:55 IST" skipped="0">
  <testcase classname="testscripts.regression.ValidateLoginDataProviderExcelHashMap" name="validateLoginTest1" time="14.418"/>
</testsuite> <!-- testscripts.regression.ValidateLoginDataProviderExcelHashMap -->
