<?xml version="1.0" encoding="UTF-8"?>
<!-- Generated by org.testng.reporters.JUnitReportReporter -->
<testsuite hostname="LAPTOP-GAUPM6CM" failures="0" tests="4" name="testscripts.regression.ValidateLoginDataProvider" time="35.072" errors="0" timestamp="2024-01-04T09:29:26 IST" skipped="0">
  <testcase classname="testscripts.regression.ValidateLoginDataProvider" name="validateLoginTest1" time="9.713"/>
  <testcase classname="testscripts.regression.ValidateLoginDataProvider" name="validateLoginTest1" time="8.961"/>
  <testcase classname="testscripts.regression.ValidateLoginDataProvider" name="validateLoginTest1" time="9.145"/>
  <testcase classname="testscripts.regression.ValidateLoginDataProvider" name="validateLoginTest1" time="7.253"/>
</testsuite> <!-- testscripts.regression.ValidateLoginDataProvider -->
