<?xml version="1.0" encoding="UTF-8"?>
<!-- Generated by org.testng.reporters.JUnitReportReporter -->
<testsuite hostname="LAPTOP-GAUPM6CM" failures="0" tests="1" name="testscripts.regression.ValidateSelectHotelUsingHybrid" time="13.306" errors="0" timestamp="2024-01-05T10:14:31 IST" skipped="0">
  <testcase classname="testscripts.regression.ValidateSelectHotelUsingHybrid" name="validateLoginTest" time="13.306"/>
</testsuite> <!-- testscripts.regression.ValidateSelectHotelUsingHybrid -->
