<?xml version="1.0" encoding="UTF-8"?>
<!-- Generated by org.testng.reporters.JUnitReportReporter -->
<testsuite hostname="LAPTOP-GAUPM6CM" failures="0" tests="1" name="testscripts.regression.ValidateLoginUsingKeywords" time="10.529" errors="0" timestamp="2024-01-05T10:03:18 IST" skipped="0">
  <testcase classname="testscripts.regression.ValidateLoginUsingKeywords" name="validateLoginTest" time="10.529"/>
</testsuite> <!-- testscripts.regression.ValidateLoginUsingKeywords -->
