<?xml version="1.0" encoding="UTF-8"?>
<!-- Generated by org.testng.reporters.JUnitReportReporter -->
<testsuite hostname="LAPTOP-GAUPM6CM" failures="0" tests="1" name="testscripts.regression.ValidateSearchUsingPOMHybrid" time="42.719" errors="0" timestamp="2024-01-12T09:42:59 IST" skipped="0">
  <testcase classname="testscripts.regression.ValidateSearchUsingPOMHybrid" name="validateLoginTest1" time="42.719"/>
</testsuite> <!-- testscripts.regression.ValidateSearchUsingPOMHybrid -->
